MODSApp/app/build/outputs/logs/manifest-merger-debug-report.txt
-- Merging decision tree log ---
manifest
ADDED from src/main/AndroidManifest.xml:10:1-59:12
	package
		ADDED from src/main/AndroidManifest.xml:11:7-47
		INJECTED from src/main/AndroidManifest.xml
		INJECTED from src/main/AndroidManifest.xml
	android:versionName
		ADDED from src/main/AndroidManifest.xml:13:7-32
		INJECTED from src/main/AndroidManifest.xml
		INJECTED from src/main/AndroidManifest.xml
	android:versionCode
		ADDED from src/main/AndroidManifest.xml:12:7-30
		INJECTED from src/main/AndroidManifest.xml
		INJECTED from src/main/AndroidManifest.xml
	xmlns:android
		ADDED from src/main/AndroidManifest.xml:10:11-69
uses-sdk
ADDED from src/main/AndroidManifest.xml:14:5-73
	android:targetSdkVersion
		ADDED from src/main/AndroidManifest.xml:14:41-70
		INJECTED from src/main/AndroidManifest.xml
		INJECTED from src/main/AndroidManifest.xml
	android:minSdkVersion
		ADDED from src/main/AndroidManifest.xml:14:15-40
		INJECTED from src/main/AndroidManifest.xml
		INJECTED from src/main/AndroidManifest.xml
application
ADDED from src/main/AndroidManifest.xml:15:5-58:19
	android:label
		ADDED from src/main/AndroidManifest.xml:16:11-43
	android:debuggable
		ADDED from src/main/AndroidManifest.xml:17:11-36
	android:icon
		ADDED from src/main/AndroidManifest.xml:15:18-54
activity#org.example.prehistoricflorida.PrehistoricFlorida
ADDED from src/main/AndroidManifest.xml:18:9-24:20
	android:label
		ADDED from src/main/AndroidManifest.xml:19:15-47
	android:name
		ADDED from src/main/AndroidManifest.xml:18:19-83
intent-filter#android.intent.action.MAIN+android.intent.category.LAUNCHER
ADDED from src/main/AndroidManifest.xml:20:13-23:29
action#android.intent.action.MAIN
ADDED from src/main/AndroidManifest.xml:21:17-69
	android:name
		ADDED from src/main/AndroidManifest.xml:21:25-66
category#android.intent.category.LAUNCHER
ADDED from src/main/AndroidManifest.xml:22:17-77
	android:name
		ADDED from src/main/AndroidManifest.xml:22:27-74
activity#org.example.prehistoricflorida.Animals
ADDED from src/main/AndroidManifest.xml:25:9-27:20
	android:label
		ADDED from src/main/AndroidManifest.xml:26:17-40
	android:name
		ADDED from src/main/AndroidManifest.xml:25:19-72
activity#org.example.prehistoricflorida.Games
ADDED from src/main/AndroidManifest.xml:28:9-30:20
	android:label
		ADDED from src/main/AndroidManifest.xml:29:13-34
	android:name
		ADDED from src/main/AndroidManifest.xml:28:19-70
activity#org.example.prehistoricflorida.Map
ADDED from src/main/AndroidManifest.xml:31:9-33:20
	android:label
		ADDED from src/main/AndroidManifest.xml:32:13-32
	android:name
		ADDED from src/main/AndroidManifest.xml:31:19-68
activity#org.example.prehistoricflorida.SeaLevel
ADDED from src/main/AndroidManifest.xml:34:9-36:20
	android:label
		ADDED from src/main/AndroidManifest.xml:35:13-38
	android:name
		ADDED from src/main/AndroidManifest.xml:34:19-73
activity#org.example.prehistoricflorida.AnimalInfo
ADDED from src/main/AndroidManifest.xml:37:9-39:20
	android:label
		ADDED from src/main/AndroidManifest.xml:38:13-40
	android:name
		ADDED from src/main/AndroidManifest.xml:37:19-75
activity#org.example.prehistoricflorida.SizeComparison
ADDED from src/main/AndroidManifest.xml:40:9-42:20
	android:label
		ADDED from src/main/AndroidManifest.xml:41:13-44
	android:name
		ADDED from src/main/AndroidManifest.xml:40:19-79
activity#org.example.prehistoricflorida.Evolution
ADDED from src/main/AndroidManifest.xml:43:9-45:20
	android:label
		ADDED from src/main/AndroidManifest.xml:44:13-38
	android:name
		ADDED from src/main/AndroidManifest.xml:43:19-74
activity#org.example.prehistoricflorida.Trivia
ADDED from src/main/AndroidManifest.xml:46:9-48:20
	android:label
		ADDED from src/main/AndroidManifest.xml:47:13-35
	android:name
		ADDED from src/main/AndroidManifest.xml:46:19-71
activity#org.example.prehistoricflorida.TriviaScore
ADDED from src/main/AndroidManifest.xml:49:9-51:20
	android:label
		ADDED from src/main/AndroidManifest.xml:50:13-42
	android:name
		ADDED from src/main/AndroidManifest.xml:49:19-76
activity#org.example.prehistoricflorida.ScavengerHunt
ADDED from src/main/AndroidManifest.xml:52:9-54:20
	android:label
		ADDED from src/main/AndroidManifest.xml:53:13-42
	android:name
		ADDED from src/main/AndroidManifest.xml:52:19-78
activity#org.example.prehistoricflorida.ScavengerHuntStart
ADDED from src/main/AndroidManifest.xml:55:9-57:20
	android:label
		ADDED from src/main/AndroidManifest.xml:56:13-47
	android:name
		ADDED from src/main/AndroidManifest.xml:55:19-83